<?xml version="1.0" encoding="UTF-8" ?>
<testsuite failures="0" time="0.262" errors="0" skipped="0" tests="7" name="cc.topicexplorer.chain.DependencyCollectorTest">
  <properties>
[...]
</properties>
  <testcase time="0.06" classname="cc.topicexplorer.chain.DependencyCollectorTest" name="testGetDependencies_afterDependencies"/>
  <testcase time="0.018" classname="cc.topicexplorer.chain.DependencyCollectorTest" name="testGetDependencies_beforeDependencies"/>
  <testcase time="0.057" classname="cc.topicexplorer.chain.DependencyCollectorTest" name="testOrderCommands"/>
  <testcase time="0.028" classname="cc.topicexplorer.chain.DependencyCollectorTest" name="testGetDependencies_optionalBeforeDependencies"/>
  <testcase time="0.012" classname="cc.topicexplorer.chain.DependencyCollectorTest" name="testUpdateDependenciesWithExistingDependencies"/>
  <testcase time="0.036" classname="cc.topicexplorer.chain.DependencyCollectorTest" name="testGetDependencies_optionalAfterDependencies"/>
  <testcase time="0.024" classname="cc.topicexplorer.chain.DependencyCollectorTest" name="testUpdateDependencies"/>
</testsuite>